2020-08-02 16:20:11.132 +06:00 [Information] Application Starting up
2020-08-02 16:20:22.869 +06:00 [Fatal] Application startup exception
System.InvalidOperationException: Unable to resolve service for type 'Microsoft.AspNetCore.Session.ISessionStore' while attempting to activate 'Microsoft.AspNetCore.Session.SessionMiddleware'.
   at Microsoft.Extensions.Internal.ActivatorUtilities.ConstructorMatcher.CreateInstance(IServiceProvider provider)
   at Microsoft.Extensions.Internal.ActivatorUtilities.CreateInstance(IServiceProvider provider, Type instanceType, Object[] parameters)
   at Microsoft.AspNetCore.Builder.UseMiddlewareExtensions.<>c__DisplayClass4_0.<UseMiddleware>b__0(RequestDelegate next)
   at Microsoft.AspNetCore.Builder.ApplicationBuilder.Build()
   at Microsoft.AspNetCore.Hosting.GenericWebHostService.StartAsync(CancellationToken cancellationToken)
2020-08-02 16:20:23.346 +06:00 [Fatal] Application start-up failed
System.InvalidOperationException: Unable to resolve service for type 'Microsoft.AspNetCore.Session.ISessionStore' while attempting to activate 'Microsoft.AspNetCore.Session.SessionMiddleware'.
   at Microsoft.Extensions.Internal.ActivatorUtilities.ConstructorMatcher.CreateInstance(IServiceProvider provider)
   at Microsoft.Extensions.Internal.ActivatorUtilities.CreateInstance(IServiceProvider provider, Type instanceType, Object[] parameters)
   at Microsoft.AspNetCore.Builder.UseMiddlewareExtensions.<>c__DisplayClass4_0.<UseMiddleware>b__0(RequestDelegate next)
   at Microsoft.AspNetCore.Builder.ApplicationBuilder.Build()
   at Microsoft.AspNetCore.Hosting.GenericWebHostService.StartAsync(CancellationToken cancellationToken)
   at Microsoft.Extensions.Hosting.Internal.Host.StartAsync(CancellationToken cancellationToken)
   at Microsoft.Extensions.Hosting.HostingAbstractionsHostExtensions.RunAsync(IHost host, CancellationToken token)
   at Microsoft.Extensions.Hosting.HostingAbstractionsHostExtensions.RunAsync(IHost host, CancellationToken token)
   at Microsoft.Extensions.Hosting.HostingAbstractionsHostExtensions.Run(IHost host)
   at HealthLab.Web.Program.Main(String[] args) in E:\My Projects\HealthLab.Web\HealthLab.Web\Program.cs:line 29
2020-08-02 16:22:35.496 +06:00 [Information] Application Starting up
2020-08-02 16:22:37.795 +06:00 [Fatal] Application startup exception
System.InvalidOperationException: Unable to resolve service for type 'Microsoft.AspNetCore.Session.ISessionStore' while attempting to activate 'Microsoft.AspNetCore.Session.SessionMiddleware'.
   at Microsoft.Extensions.Internal.ActivatorUtilities.ConstructorMatcher.CreateInstance(IServiceProvider provider)
   at Microsoft.Extensions.Internal.ActivatorUtilities.CreateInstance(IServiceProvider provider, Type instanceType, Object[] parameters)
   at Microsoft.AspNetCore.Builder.UseMiddlewareExtensions.<>c__DisplayClass4_0.<UseMiddleware>b__0(RequestDelegate next)
   at Microsoft.AspNetCore.Builder.ApplicationBuilder.Build()
   at Microsoft.AspNetCore.Hosting.GenericWebHostService.StartAsync(CancellationToken cancellationToken)
2020-08-02 16:22:37.865 +06:00 [Fatal] Application start-up failed
System.InvalidOperationException: Unable to resolve service for type 'Microsoft.AspNetCore.Session.ISessionStore' while attempting to activate 'Microsoft.AspNetCore.Session.SessionMiddleware'.
   at Microsoft.Extensions.Internal.ActivatorUtilities.ConstructorMatcher.CreateInstance(IServiceProvider provider)
   at Microsoft.Extensions.Internal.ActivatorUtilities.CreateInstance(IServiceProvider provider, Type instanceType, Object[] parameters)
   at Microsoft.AspNetCore.Builder.UseMiddlewareExtensions.<>c__DisplayClass4_0.<UseMiddleware>b__0(RequestDelegate next)
   at Microsoft.AspNetCore.Builder.ApplicationBuilder.Build()
   at Microsoft.AspNetCore.Hosting.GenericWebHostService.StartAsync(CancellationToken cancellationToken)
   at Microsoft.Extensions.Hosting.Internal.Host.StartAsync(CancellationToken cancellationToken)
   at Microsoft.Extensions.Hosting.HostingAbstractionsHostExtensions.RunAsync(IHost host, CancellationToken token)
   at Microsoft.Extensions.Hosting.HostingAbstractionsHostExtensions.RunAsync(IHost host, CancellationToken token)
   at Microsoft.Extensions.Hosting.HostingAbstractionsHostExtensions.Run(IHost host)
   at HealthLab.Web.Program.Main(String[] args) in E:\My Projects\HealthLab.Web\HealthLab.Web\Program.cs:line 29
2020-08-02 16:34:36.986 +06:00 [Information] Application Starting up
2020-08-02 16:34:41.489 +06:00 [Error] An unhandled exception has occurred while executing the request.
System.InvalidOperationException: No authentication handler is registered for the scheme 'Admin_Schema'. The registered schemes are: Cookies. Did you forget to call AddAuthentication().Add[SomeAuthHandler]("Admin_Schema",...)?
   at Microsoft.AspNetCore.Authentication.AuthenticationService.AuthenticateAsync(HttpContext context, String scheme)
   at HealthLab.Web.Startup.<>c.<<Configure>b__11_0>d.MoveNext() in E:\My Projects\HealthLab.Web\HealthLab.Web\Startup.cs:line 95
--- End of stack trace from previous location where exception was thrown ---
   at Microsoft.AspNetCore.Diagnostics.EntityFrameworkCore.MigrationsEndPointMiddleware.Invoke(HttpContext context)
   at Microsoft.AspNetCore.Diagnostics.EntityFrameworkCore.DatabaseErrorPageMiddleware.Invoke(HttpContext httpContext)
   at Microsoft.AspNetCore.Diagnostics.EntityFrameworkCore.DatabaseErrorPageMiddleware.Invoke(HttpContext httpContext)
   at Microsoft.AspNetCore.Diagnostics.DeveloperExceptionPageMiddleware.Invoke(HttpContext context)
2020-08-02 16:36:05.571 +06:00 [Information] Application Starting up
2020-08-02 16:36:09.145 +06:00 [Error] An unhandled exception has occurred while executing the request.
System.InvalidOperationException: No authentication handler is registered for the scheme 'Admin'. The registered schemes are: Cookies. Did you forget to call AddAuthentication().Add[SomeAuthHandler]("Admin",...)?
   at Microsoft.AspNetCore.Authentication.AuthenticationService.AuthenticateAsync(HttpContext context, String scheme)
   at HealthLab.Web.Startup.<>c.<<Configure>b__11_0>d.MoveNext() in E:\My Projects\HealthLab.Web\HealthLab.Web\Startup.cs:line 95
--- End of stack trace from previous location where exception was thrown ---
   at Microsoft.AspNetCore.Diagnostics.EntityFrameworkCore.MigrationsEndPointMiddleware.Invoke(HttpContext context)
   at Microsoft.AspNetCore.Diagnostics.EntityFrameworkCore.DatabaseErrorPageMiddleware.Invoke(HttpContext httpContext)
   at Microsoft.AspNetCore.Diagnostics.EntityFrameworkCore.DatabaseErrorPageMiddleware.Invoke(HttpContext httpContext)
   at Microsoft.AspNetCore.Diagnostics.DeveloperExceptionPageMiddleware.Invoke(HttpContext context)
2020-08-02 16:49:18.505 +06:00 [Information] Application Starting up
2020-08-02 16:49:21.596 +06:00 [Error] An unhandled exception has occurred while executing the request.
System.InvalidOperationException: No authentication handler is registered for the scheme 'Admin_Schema'. The registered schemes are: Cookies. Did you forget to call AddAuthentication().Add[SomeAuthHandler]("Admin_Schema",...)?
   at Microsoft.AspNetCore.Authentication.AuthenticationService.AuthenticateAsync(HttpContext context, String scheme)
   at HealthLab.Web.Startup.<>c.<<Configure>b__11_0>d.MoveNext() in E:\My Projects\HealthLab.Web\HealthLab.Web\Startup.cs:line 93
--- End of stack trace from previous location where exception was thrown ---
   at Microsoft.AspNetCore.Diagnostics.EntityFrameworkCore.MigrationsEndPointMiddleware.Invoke(HttpContext context)
   at Microsoft.AspNetCore.Diagnostics.EntityFrameworkCore.DatabaseErrorPageMiddleware.Invoke(HttpContext httpContext)
   at Microsoft.AspNetCore.Diagnostics.EntityFrameworkCore.DatabaseErrorPageMiddleware.Invoke(HttpContext httpContext)
   at Microsoft.AspNetCore.Diagnostics.DeveloperExceptionPageMiddleware.Invoke(HttpContext context)
2020-08-02 16:51:24.572 +06:00 [Information] Application Starting up
2020-08-02 18:33:42.106 +06:00 [Information] Application Starting up
2020-08-02 18:38:42.677 +06:00 [Information] Application Starting up
2020-08-02 18:53:25.104 +06:00 [Information] Application Starting up
2020-08-02 19:57:49.234 +06:00 [Information] Application Starting up
2020-08-02 19:57:51.508 +06:00 [Fatal] Application start-up failed
System.ArgumentException: GenericArguments[0], 'Membership.Entities.ApplicationUser', on 'Microsoft.AspNetCore.Identity.EntityFrameworkCore.UserStore`9[TUser,TRole,TContext,TKey,TUserClaim,TUserRole,TUserLogin,TUserToken,TRoleClaim]' violates the constraint of type 'TUser'.
 ---> System.TypeLoadException: GenericArguments[0], 'Membership.Entities.ApplicationUser', on 'Microsoft.AspNetCore.Identity.UserStoreBase`5[TUser,TKey,TUserClaim,TUserLogin,TUserToken]' violates the constraint of type parameter 'TUser'.
   at System.RuntimeTypeHandle.Instantiate(Type[] inst)
   at System.RuntimeType.MakeGenericType(Type[] instantiation)
   --- End of inner exception stack trace ---
   at System.RuntimeType.ValidateGenericArguments(MemberInfo definition, RuntimeType[] genericArguments, Exception e)
   at System.RuntimeType.MakeGenericType(Type[] instantiation)
   at Microsoft.Extensions.DependencyInjection.IdentityEntityFrameworkBuilderExtensions.AddStores(IServiceCollection services, Type userType, Type roleType, Type contextType)
   at Microsoft.Extensions.DependencyInjection.IdentityEntityFrameworkBuilderExtensions.AddEntityFrameworkStores[TContext](IdentityBuilder builder)
   at HealthLab.Web.Startup.ConfigureServices(IServiceCollection services) in E:\My Projects\HealthLab.Web\HealthLab.Web\Startup.cs:line 61
   at System.RuntimeMethodHandle.InvokeMethod(Object target, Object[] arguments, Signature sig, Boolean constructor, Boolean wrapExceptions)
   at System.Reflection.RuntimeMethodInfo.Invoke(Object obj, BindingFlags invokeAttr, Binder binder, Object[] parameters, CultureInfo culture)
   at Microsoft.AspNetCore.Hosting.ConfigureServicesBuilder.InvokeCore(Object instance, IServiceCollection services)
   at Microsoft.AspNetCore.Hosting.ConfigureServicesBuilder.<>c__DisplayClass9_0.<Invoke>g__Startup|0(IServiceCollection serviceCollection)
   at Microsoft.AspNetCore.Hosting.ConfigureServicesBuilder.Invoke(Object instance, IServiceCollection services)
   at Microsoft.AspNetCore.Hosting.ConfigureServicesBuilder.<>c__DisplayClass8_0.<Build>b__0(IServiceCollection services)
   at Microsoft.AspNetCore.Hosting.GenericWebHostBuilder.UseStartup(Type startupType, HostBuilderContext context, IServiceCollection services)
   at Microsoft.AspNetCore.Hosting.GenericWebHostBuilder.<>c__DisplayClass12_0.<UseStartup>b__0(HostBuilderContext context, IServiceCollection services)
   at Microsoft.Extensions.Hosting.HostBuilder.CreateServiceProvider()
   at Microsoft.Extensions.Hosting.HostBuilder.Build()
   at HealthLab.Web.Program.Main(String[] args) in E:\My Projects\HealthLab.Web\HealthLab.Web\Program.cs:line 29
2020-08-02 19:58:14.870 +06:00 [Information] Application Starting up
2020-08-02 19:58:16.436 +06:00 [Fatal] Application start-up failed
System.ArgumentException: GenericArguments[0], 'Membership.Entities.ApplicationUser', on 'Microsoft.AspNetCore.Identity.EntityFrameworkCore.UserStore`9[TUser,TRole,TContext,TKey,TUserClaim,TUserRole,TUserLogin,TUserToken,TRoleClaim]' violates the constraint of type 'TUser'.
 ---> System.TypeLoadException: GenericArguments[0], 'Membership.Entities.ApplicationUser', on 'Microsoft.AspNetCore.Identity.UserStoreBase`5[TUser,TKey,TUserClaim,TUserLogin,TUserToken]' violates the constraint of type parameter 'TUser'.
   at System.RuntimeTypeHandle.Instantiate(Type[] inst)
   at System.RuntimeType.MakeGenericType(Type[] instantiation)
   --- End of inner exception stack trace ---
   at System.RuntimeType.ValidateGenericArguments(MemberInfo definition, RuntimeType[] genericArguments, Exception e)
   at System.RuntimeType.MakeGenericType(Type[] instantiation)
   at Microsoft.Extensions.DependencyInjection.IdentityEntityFrameworkBuilderExtensions.AddStores(IServiceCollection services, Type userType, Type roleType, Type contextType)
   at Microsoft.Extensions.DependencyInjection.IdentityEntityFrameworkBuilderExtensions.AddEntityFrameworkStores[TContext](IdentityBuilder builder)
   at HealthLab.Web.Startup.ConfigureServices(IServiceCollection services) in E:\My Projects\HealthLab.Web\HealthLab.Web\Startup.cs:line 61
   at System.RuntimeMethodHandle.InvokeMethod(Object target, Object[] arguments, Signature sig, Boolean constructor, Boolean wrapExceptions)
   at System.Reflection.RuntimeMethodInfo.Invoke(Object obj, BindingFlags invokeAttr, Binder binder, Object[] parameters, CultureInfo culture)
   at Microsoft.AspNetCore.Hosting.ConfigureServicesBuilder.InvokeCore(Object instance, IServiceCollection services)
   at Microsoft.AspNetCore.Hosting.ConfigureServicesBuilder.<>c__DisplayClass9_0.<Invoke>g__Startup|0(IServiceCollection serviceCollection)
   at Microsoft.AspNetCore.Hosting.ConfigureServicesBuilder.Invoke(Object instance, IServiceCollection services)
   at Microsoft.AspNetCore.Hosting.ConfigureServicesBuilder.<>c__DisplayClass8_0.<Build>b__0(IServiceCollection services)
   at Microsoft.AspNetCore.Hosting.GenericWebHostBuilder.UseStartup(Type startupType, HostBuilderContext context, IServiceCollection services)
   at Microsoft.AspNetCore.Hosting.GenericWebHostBuilder.<>c__DisplayClass12_0.<UseStartup>b__0(HostBuilderContext context, IServiceCollection services)
   at Microsoft.Extensions.Hosting.HostBuilder.CreateServiceProvider()
   at Microsoft.Extensions.Hosting.HostBuilder.Build()
   at HealthLab.Web.Program.Main(String[] args) in E:\My Projects\HealthLab.Web\HealthLab.Web\Program.cs:line 29
2020-08-02 20:01:05.765 +06:00 [Information] Application Starting up
2020-08-02 20:01:07.186 +06:00 [Fatal] Application start-up failed
System.ArgumentException: GenericArguments[0], 'Membership.Entities.ApplicationUser', on 'Microsoft.AspNetCore.Identity.EntityFrameworkCore.UserStore`9[TUser,TRole,TContext,TKey,TUserClaim,TUserRole,TUserLogin,TUserToken,TRoleClaim]' violates the constraint of type 'TUser'.
 ---> System.TypeLoadException: GenericArguments[0], 'Membership.Entities.ApplicationUser', on 'Microsoft.AspNetCore.Identity.UserStoreBase`5[TUser,TKey,TUserClaim,TUserLogin,TUserToken]' violates the constraint of type parameter 'TUser'.
   at System.RuntimeTypeHandle.Instantiate(Type[] inst)
   at System.RuntimeType.MakeGenericType(Type[] instantiation)
   --- End of inner exception stack trace ---
   at System.RuntimeType.ValidateGenericArguments(MemberInfo definition, RuntimeType[] genericArguments, Exception e)
   at System.RuntimeType.MakeGenericType(Type[] instantiation)
   at Microsoft.Extensions.DependencyInjection.IdentityEntityFrameworkBuilderExtensions.AddStores(IServiceCollection services, Type userType, Type roleType, Type contextType)
   at Microsoft.Extensions.DependencyInjection.IdentityEntityFrameworkBuilderExtensions.AddEntityFrameworkStores[TContext](IdentityBuilder builder)
   at HealthLab.Web.Startup.ConfigureServices(IServiceCollection services) in E:\My Projects\HealthLab.Web\HealthLab.Web\Startup.cs:line 61
   at System.RuntimeMethodHandle.InvokeMethod(Object target, Object[] arguments, Signature sig, Boolean constructor, Boolean wrapExceptions)
   at System.Reflection.RuntimeMethodInfo.Invoke(Object obj, BindingFlags invokeAttr, Binder binder, Object[] parameters, CultureInfo culture)
   at Microsoft.AspNetCore.Hosting.ConfigureServicesBuilder.InvokeCore(Object instance, IServiceCollection services)
   at Microsoft.AspNetCore.Hosting.ConfigureServicesBuilder.<>c__DisplayClass9_0.<Invoke>g__Startup|0(IServiceCollection serviceCollection)
   at Microsoft.AspNetCore.Hosting.ConfigureServicesBuilder.Invoke(Object instance, IServiceCollection services)
   at Microsoft.AspNetCore.Hosting.ConfigureServicesBuilder.<>c__DisplayClass8_0.<Build>b__0(IServiceCollection services)
   at Microsoft.AspNetCore.Hosting.GenericWebHostBuilder.UseStartup(Type startupType, HostBuilderContext context, IServiceCollection services)
   at Microsoft.AspNetCore.Hosting.GenericWebHostBuilder.<>c__DisplayClass12_0.<UseStartup>b__0(HostBuilderContext context, IServiceCollection services)
   at Microsoft.Extensions.Hosting.HostBuilder.CreateServiceProvider()
   at Microsoft.Extensions.Hosting.HostBuilder.Build()
   at HealthLab.Web.Program.Main(String[] args) in E:\My Projects\HealthLab.Web\HealthLab.Web\Program.cs:line 29
2020-08-02 20:06:22.800 +06:00 [Information] Application Starting up
2020-08-02 20:06:26.027 +06:00 [Fatal] Application start-up failed
System.ArgumentException: GenericArguments[0], 'Membership.Entities.ApplicationUser', on 'Microsoft.AspNetCore.Identity.EntityFrameworkCore.UserStore`9[TUser,TRole,TContext,TKey,TUserClaim,TUserRole,TUserLogin,TUserToken,TRoleClaim]' violates the constraint of type 'TUser'.
 ---> System.TypeLoadException: GenericArguments[0], 'Membership.Entities.ApplicationUser', on 'Microsoft.AspNetCore.Identity.UserStoreBase`5[TUser,TKey,TUserClaim,TUserLogin,TUserToken]' violates the constraint of type parameter 'TUser'.
   at System.RuntimeTypeHandle.Instantiate(Type[] inst)
   at System.RuntimeType.MakeGenericType(Type[] instantiation)
   --- End of inner exception stack trace ---
   at System.RuntimeType.ValidateGenericArguments(MemberInfo definition, RuntimeType[] genericArguments, Exception e)
   at System.RuntimeType.MakeGenericType(Type[] instantiation)
   at Microsoft.Extensions.DependencyInjection.IdentityEntityFrameworkBuilderExtensions.AddStores(IServiceCollection services, Type userType, Type roleType, Type contextType)
   at Microsoft.Extensions.DependencyInjection.IdentityEntityFrameworkBuilderExtensions.AddEntityFrameworkStores[TContext](IdentityBuilder builder)
   at HealthLab.Web.Startup.ConfigureServices(IServiceCollection services) in E:\My Projects\HealthLab.Web\HealthLab.Web\Startup.cs:line 61
   at System.RuntimeMethodHandle.InvokeMethod(Object target, Object[] arguments, Signature sig, Boolean constructor, Boolean wrapExceptions)
   at System.Reflection.RuntimeMethodInfo.Invoke(Object obj, BindingFlags invokeAttr, Binder binder, Object[] parameters, CultureInfo culture)
   at Microsoft.AspNetCore.Hosting.ConfigureServicesBuilder.InvokeCore(Object instance, IServiceCollection services)
   at Microsoft.AspNetCore.Hosting.ConfigureServicesBuilder.<>c__DisplayClass9_0.<Invoke>g__Startup|0(IServiceCollection serviceCollection)
   at Microsoft.AspNetCore.Hosting.ConfigureServicesBuilder.Invoke(Object instance, IServiceCollection services)
   at Microsoft.AspNetCore.Hosting.ConfigureServicesBuilder.<>c__DisplayClass8_0.<Build>b__0(IServiceCollection services)
   at Microsoft.AspNetCore.Hosting.GenericWebHostBuilder.UseStartup(Type startupType, HostBuilderContext context, IServiceCollection services)
   at Microsoft.AspNetCore.Hosting.GenericWebHostBuilder.<>c__DisplayClass12_0.<UseStartup>b__0(HostBuilderContext context, IServiceCollection services)
   at Microsoft.Extensions.Hosting.HostBuilder.CreateServiceProvider()
   at Microsoft.Extensions.Hosting.HostBuilder.Build()
   at HealthLab.Web.Program.Main(String[] args) in E:\My Projects\HealthLab.Web\HealthLab.Web\Program.cs:line 29
2020-08-02 21:28:17.622 +06:00 [Information] Application Starting up
2020-08-02 21:28:20.260 +06:00 [Fatal] Application start-up failed
System.ArgumentException: GenericArguments[0], 'Membership.Entities.ApplicationUser', on 'Microsoft.AspNetCore.Identity.EntityFrameworkCore.UserStore`9[TUser,TRole,TContext,TKey,TUserClaim,TUserRole,TUserLogin,TUserToken,TRoleClaim]' violates the constraint of type 'TUser'.
 ---> System.TypeLoadException: GenericArguments[0], 'Membership.Entities.ApplicationUser', on 'Microsoft.AspNetCore.Identity.UserStoreBase`5[TUser,TKey,TUserClaim,TUserLogin,TUserToken]' violates the constraint of type parameter 'TUser'.
   at System.RuntimeTypeHandle.Instantiate(Type[] inst)
   at System.RuntimeType.MakeGenericType(Type[] instantiation)
   --- End of inner exception stack trace ---
   at System.RuntimeType.ValidateGenericArguments(MemberInfo definition, RuntimeType[] genericArguments, Exception e)
   at System.RuntimeType.MakeGenericType(Type[] instantiation)
   at Microsoft.Extensions.DependencyInjection.IdentityEntityFrameworkBuilderExtensions.AddStores(IServiceCollection services, Type userType, Type roleType, Type contextType)
   at Microsoft.Extensions.DependencyInjection.IdentityEntityFrameworkBuilderExtensions.AddEntityFrameworkStores[TContext](IdentityBuilder builder)
   at HealthLab.Web.Startup.ConfigureServices(IServiceCollection services) in E:\My Projects\HealthLab.Web\HealthLab.Web\Startup.cs:line 61
   at System.RuntimeMethodHandle.InvokeMethod(Object target, Object[] arguments, Signature sig, Boolean constructor, Boolean wrapExceptions)
   at System.Reflection.RuntimeMethodInfo.Invoke(Object obj, BindingFlags invokeAttr, Binder binder, Object[] parameters, CultureInfo culture)
   at Microsoft.AspNetCore.Hosting.ConfigureServicesBuilder.InvokeCore(Object instance, IServiceCollection services)
   at Microsoft.AspNetCore.Hosting.ConfigureServicesBuilder.<>c__DisplayClass9_0.<Invoke>g__Startup|0(IServiceCollection serviceCollection)
   at Microsoft.AspNetCore.Hosting.ConfigureServicesBuilder.Invoke(Object instance, IServiceCollection services)
   at Microsoft.AspNetCore.Hosting.ConfigureServicesBuilder.<>c__DisplayClass8_0.<Build>b__0(IServiceCollection services)
   at Microsoft.AspNetCore.Hosting.GenericWebHostBuilder.UseStartup(Type startupType, HostBuilderContext context, IServiceCollection services)
   at Microsoft.AspNetCore.Hosting.GenericWebHostBuilder.<>c__DisplayClass12_0.<UseStartup>b__0(HostBuilderContext context, IServiceCollection services)
   at Microsoft.Extensions.Hosting.HostBuilder.CreateServiceProvider()
   at Microsoft.Extensions.Hosting.HostBuilder.Build()
   at HealthLab.Web.Program.Main(String[] args) in E:\My Projects\HealthLab.Web\HealthLab.Web\Program.cs:line 29
2020-08-02 22:19:32.478 +06:00 [Information] Application Starting up
