2020-08-26 11:14:43.914 +06:00 [Information] Application Starting up
2020-08-26 11:15:13.363 +06:00 [Error] An unhandled exception has occurred while executing the request.
System.InvalidOperationException: Unable to resolve service for type 'Membership.Services.RoleManager' while attempting to activate 'HealthLab.Web.Areas.Admin.Controllers.DashboardController'.
   at Microsoft.Extensions.DependencyInjection.ActivatorUtilities.GetService(IServiceProvider sp, Type type, Type requiredBy, Boolean isDefaultParameterRequired)
   at lambda_method(Closure , IServiceProvider , Object[] )
   at Microsoft.AspNetCore.Mvc.Controllers.ControllerActivatorProvider.<>c__DisplayClass4_0.<CreateActivator>b__0(ControllerContext controllerContext)
   at Microsoft.AspNetCore.Mvc.Controllers.ControllerFactoryProvider.<>c__DisplayClass5_0.<CreateControllerFactory>g__CreateController|0(ControllerContext controllerContext)
   at Microsoft.AspNetCore.Mvc.Infrastructure.ControllerActionInvoker.Next(State& next, Scope& scope, Object& state, Boolean& isCompleted)
   at Microsoft.AspNetCore.Mvc.Infrastructure.ControllerActionInvoker.InvokeInnerFilterAsync()
--- End of stack trace from previous location where exception was thrown ---
   at Microsoft.AspNetCore.Mvc.Infrastructure.ResourceInvoker.<InvokeNextResourceFilter>g__Awaited|24_0(ResourceInvoker invoker, Task lastTask, State next, Scope scope, Object state, Boolean isCompleted)
   at Microsoft.AspNetCore.Mvc.Infrastructure.ResourceInvoker.Rethrow(ResourceExecutedContextSealed context)
   at Microsoft.AspNetCore.Mvc.Infrastructure.ResourceInvoker.Next(State& next, Scope& scope, Object& state, Boolean& isCompleted)
   at Microsoft.AspNetCore.Mvc.Infrastructure.ResourceInvoker.InvokeFilterPipelineAsync()
--- End of stack trace from previous location where exception was thrown ---
   at Microsoft.AspNetCore.Mvc.Infrastructure.ResourceInvoker.<InvokeAsync>g__Awaited|17_0(ResourceInvoker invoker, Task task, IDisposable scope)
   at Microsoft.AspNetCore.Routing.EndpointMiddleware.<Invoke>g__AwaitRequestTask|6_0(Endpoint endpoint, Task requestTask, ILogger logger)
   at Microsoft.AspNetCore.Session.SessionMiddleware.Invoke(HttpContext context)
   at Microsoft.AspNetCore.Session.SessionMiddleware.Invoke(HttpContext context)
   at Microsoft.AspNetCore.Authorization.AuthorizationMiddleware.Invoke(HttpContext context)
   at Microsoft.AspNetCore.Authentication.AuthenticationMiddleware.Invoke(HttpContext context)
   at HealthLab.Web.Startup.<>c.<<Configure>b__11_0>d.MoveNext() in E:\My Projects\HealthLab.Web\HealthLab.Web\Startup.cs:line 168
--- End of stack trace from previous location where exception was thrown ---
   at Microsoft.AspNetCore.Diagnostics.EntityFrameworkCore.MigrationsEndPointMiddleware.Invoke(HttpContext context)
   at Microsoft.AspNetCore.Diagnostics.EntityFrameworkCore.DatabaseErrorPageMiddleware.Invoke(HttpContext httpContext)
   at Microsoft.AspNetCore.Diagnostics.EntityFrameworkCore.DatabaseErrorPageMiddleware.Invoke(HttpContext httpContext)
   at Microsoft.AspNetCore.Diagnostics.DeveloperExceptionPageMiddleware.Invoke(HttpContext context)
2020-08-26 11:17:52.186 +06:00 [Information] Application Starting up
2020-08-26 11:19:09.200 +06:00 [Information] Application Starting up
2020-08-26 11:19:32.882 +06:00 [Error] An unhandled exception has occurred while executing the request.
System.InvalidOperationException: Unable to resolve service for type 'Membership.Services.RoleManager' while attempting to activate 'HealthLab.Web.Areas.Admin.Controllers.DashboardController'.
   at Microsoft.Extensions.DependencyInjection.ActivatorUtilities.GetService(IServiceProvider sp, Type type, Type requiredBy, Boolean isDefaultParameterRequired)
   at lambda_method(Closure , IServiceProvider , Object[] )
   at Microsoft.AspNetCore.Mvc.Controllers.ControllerActivatorProvider.<>c__DisplayClass4_0.<CreateActivator>b__0(ControllerContext controllerContext)
   at Microsoft.AspNetCore.Mvc.Controllers.ControllerFactoryProvider.<>c__DisplayClass5_0.<CreateControllerFactory>g__CreateController|0(ControllerContext controllerContext)
   at Microsoft.AspNetCore.Mvc.Infrastructure.ControllerActionInvoker.Next(State& next, Scope& scope, Object& state, Boolean& isCompleted)
   at Microsoft.AspNetCore.Mvc.Infrastructure.ControllerActionInvoker.InvokeInnerFilterAsync()
--- End of stack trace from previous location where exception was thrown ---
   at Microsoft.AspNetCore.Mvc.Infrastructure.ResourceInvoker.<InvokeNextResourceFilter>g__Awaited|24_0(ResourceInvoker invoker, Task lastTask, State next, Scope scope, Object state, Boolean isCompleted)
   at Microsoft.AspNetCore.Mvc.Infrastructure.ResourceInvoker.Rethrow(ResourceExecutedContextSealed context)
   at Microsoft.AspNetCore.Mvc.Infrastructure.ResourceInvoker.Next(State& next, Scope& scope, Object& state, Boolean& isCompleted)
   at Microsoft.AspNetCore.Mvc.Infrastructure.ResourceInvoker.InvokeFilterPipelineAsync()
--- End of stack trace from previous location where exception was thrown ---
   at Microsoft.AspNetCore.Mvc.Infrastructure.ResourceInvoker.<InvokeAsync>g__Awaited|17_0(ResourceInvoker invoker, Task task, IDisposable scope)
   at Microsoft.AspNetCore.Routing.EndpointMiddleware.<Invoke>g__AwaitRequestTask|6_0(Endpoint endpoint, Task requestTask, ILogger logger)
   at Microsoft.AspNetCore.Session.SessionMiddleware.Invoke(HttpContext context)
   at Microsoft.AspNetCore.Session.SessionMiddleware.Invoke(HttpContext context)
   at Microsoft.AspNetCore.Authorization.AuthorizationMiddleware.Invoke(HttpContext context)
   at Microsoft.AspNetCore.Authentication.AuthenticationMiddleware.Invoke(HttpContext context)
   at HealthLab.Web.Startup.<>c.<<Configure>b__11_0>d.MoveNext() in E:\My Projects\HealthLab.Web\HealthLab.Web\Startup.cs:line 168
--- End of stack trace from previous location where exception was thrown ---
   at Microsoft.AspNetCore.Diagnostics.EntityFrameworkCore.MigrationsEndPointMiddleware.Invoke(HttpContext context)
   at Microsoft.AspNetCore.Diagnostics.EntityFrameworkCore.DatabaseErrorPageMiddleware.Invoke(HttpContext httpContext)
   at Microsoft.AspNetCore.Diagnostics.EntityFrameworkCore.DatabaseErrorPageMiddleware.Invoke(HttpContext httpContext)
   at Microsoft.AspNetCore.Diagnostics.DeveloperExceptionPageMiddleware.Invoke(HttpContext context)
2020-08-26 11:42:10.760 +06:00 [Information] Application Starting up
2020-08-26 11:46:07.207 +06:00 [Information] Application Starting up
2020-08-26 11:48:04.084 +06:00 [Information] Application Starting up
2020-08-26 11:53:51.021 +06:00 [Information] Application Starting up
2020-08-26 12:06:42.722 +06:00 [Information] Application Starting up
2020-08-26 12:14:57.086 +06:00 [Information] Application Starting up
2020-08-26 13:11:38.811 +06:00 [Information] Application Starting up
2020-08-26 13:12:24.447 +06:00 [Information] Application Starting up
2020-08-26 13:14:12.350 +06:00 [Information] Application Starting up
2020-08-26 13:22:02.901 +06:00 [Information] Application Starting up
2020-08-26 13:22:52.046 +06:00 [Information] Application Starting up
2020-08-26 14:11:16.012 +06:00 [Information] Application Starting up
2020-08-26 14:16:10.967 +06:00 [Information] Application Starting up
2020-08-26 14:21:21.389 +06:00 [Information] Application Starting up
2020-08-26 14:27:42.082 +06:00 [Information] Application Starting up
2020-08-26 14:32:52.401 +06:00 [Information] Application Starting up
2020-08-26 14:37:22.259 +06:00 [Information] Application Starting up
2020-08-26 14:39:09.171 +06:00 [Information] Application Starting up
2020-08-26 14:42:42.343 +06:00 [Information] Application Starting up
2020-08-26 16:10:23.228 +06:00 [Information] Application Starting up
2020-08-26 16:35:30.404 +06:00 [Information] Application Starting up
2020-08-26 16:45:47.646 +06:00 [Information] Application Starting up
