2020-07-28 15:55:34.273 +06:00 [Information] Application Starting up
2020-07-28 16:00:12.213 +06:00 [Information] Application Starting up
2020-07-28 16:05:37.821 +06:00 [Information] Application Starting up
2020-07-28 16:10:11.115 +06:00 [Information] Application Starting up
2020-07-28 16:12:49.537 +06:00 [Information] Application Starting up
2020-07-28 16:17:42.396 +06:00 [Information] Application Starting up
2020-07-28 16:24:21.527 +06:00 [Information] Application Starting up
2020-07-28 16:27:41.601 +06:00 [Information] Application Starting up
2020-07-28 16:28:51.222 +06:00 [Information] Application Starting up
2020-07-28 16:36:02.936 +06:00 [Information] Application Starting up
2020-07-28 16:44:23.948 +06:00 [Information] Application Starting up
2020-07-28 17:15:00.630 +06:00 [Information] Application Starting up
2020-07-28 17:21:59.497 +06:00 [Information] Application Starting up
2020-07-28 17:24:59.878 +06:00 [Information] Application Starting up
2020-07-28 17:29:55.091 +06:00 [Information] Application Starting up
2020-07-28 17:30:58.971 +06:00 [Information] Application Starting up
2020-07-28 17:31:07.335 +06:00 [Error] An unhandled exception has occurred while executing the request.
System.NullReferenceException: Object reference not set to an instance of an object.
   at HealthLab.Web.Areas.Admin.Models.SettingModel.CreateSettingModel.Create() in E:\My Projects\HealthLab.Web\HealthLab.Web\Areas\Admin\Models\Setting\CreateSettingModel.cs:line 34
   at HealthLab.Web.Areas.Admin.Controllers.SettingController.AddSetting(CreateSettingModel model) in E:\My Projects\HealthLab.Web\HealthLab.Web\Areas\Admin\Controllers\SettingController.cs:line 66
   at lambda_method(Closure , Object , Object[] )
   at Microsoft.Extensions.Internal.ObjectMethodExecutor.Execute(Object target, Object[] parameters)
   at Microsoft.AspNetCore.Mvc.Infrastructure.ActionMethodExecutor.SyncActionResultExecutor.Execute(IActionResultTypeMapper mapper, ObjectMethodExecutor executor, Object controller, Object[] arguments)
   at Microsoft.AspNetCore.Mvc.Infrastructure.ControllerActionInvoker.InvokeActionMethodAsync()
   at Microsoft.AspNetCore.Mvc.Infrastructure.ControllerActionInvoker.Next(State& next, Scope& scope, Object& state, Boolean& isCompleted)
   at Microsoft.AspNetCore.Mvc.Infrastructure.ControllerActionInvoker.InvokeNextActionFilterAsync()
--- End of stack trace from previous location where exception was thrown ---
   at Microsoft.AspNetCore.Mvc.Infrastructure.ControllerActionInvoker.Rethrow(ActionExecutedContextSealed context)
   at Microsoft.AspNetCore.Mvc.Infrastructure.ControllerActionInvoker.Next(State& next, Scope& scope, Object& state, Boolean& isCompleted)
   at Microsoft.AspNetCore.Mvc.Infrastructure.ControllerActionInvoker.InvokeInnerFilterAsync()
--- End of stack trace from previous location where exception was thrown ---
   at Microsoft.AspNetCore.Mvc.Infrastructure.ResourceInvoker.<InvokeNextResourceFilter>g__Awaited|24_0(ResourceInvoker invoker, Task lastTask, State next, Scope scope, Object state, Boolean isCompleted)
   at Microsoft.AspNetCore.Mvc.Infrastructure.ResourceInvoker.Rethrow(ResourceExecutedContextSealed context)
   at Microsoft.AspNetCore.Mvc.Infrastructure.ResourceInvoker.Next(State& next, Scope& scope, Object& state, Boolean& isCompleted)
   at Microsoft.AspNetCore.Mvc.Infrastructure.ResourceInvoker.InvokeFilterPipelineAsync()
--- End of stack trace from previous location where exception was thrown ---
   at Microsoft.AspNetCore.Mvc.Infrastructure.ResourceInvoker.<InvokeAsync>g__Awaited|17_0(ResourceInvoker invoker, Task task, IDisposable scope)
   at Microsoft.AspNetCore.Routing.EndpointMiddleware.<Invoke>g__AwaitRequestTask|6_0(Endpoint endpoint, Task requestTask, ILogger logger)
   at Microsoft.AspNetCore.Session.SessionMiddleware.Invoke(HttpContext context)
   at Microsoft.AspNetCore.Session.SessionMiddleware.Invoke(HttpContext context)
   at Microsoft.AspNetCore.Authorization.AuthorizationMiddleware.Invoke(HttpContext context)
   at Microsoft.AspNetCore.Authentication.AuthenticationMiddleware.Invoke(HttpContext context)
   at Microsoft.AspNetCore.Diagnostics.EntityFrameworkCore.MigrationsEndPointMiddleware.Invoke(HttpContext context)
   at Microsoft.AspNetCore.Diagnostics.EntityFrameworkCore.DatabaseErrorPageMiddleware.Invoke(HttpContext httpContext)
   at Microsoft.AspNetCore.Diagnostics.EntityFrameworkCore.DatabaseErrorPageMiddleware.Invoke(HttpContext httpContext)
   at Microsoft.AspNetCore.Diagnostics.DeveloperExceptionPageMiddleware.Invoke(HttpContext context)
2020-07-28 17:33:41.516 +06:00 [Information] Application Starting up
2020-07-28 18:21:06.201 +06:00 [Information] Application Starting up
2020-07-28 18:37:55.518 +06:00 [Information] Application Starting up
2020-07-28 18:42:50.540 +06:00 [Information] Application Starting up
2020-07-28 18:47:03.375 +06:00 [Information] Application Starting up
2020-07-28 19:42:08.385 +06:00 [Information] Application Starting up
2020-07-28 20:14:41.733 +06:00 [Information] Application Starting up
2020-07-28 20:15:41.949 +06:00 [Information] Application Starting up
2020-07-28 20:24:42.419 +06:00 [Information] Application Starting up
2020-07-28 20:25:54.228 +06:00 [Information] Application Starting up
2020-07-28 20:27:15.224 +06:00 [Information] Application Starting up
2020-07-28 20:27:45.484 +06:00 [Information] Application Starting up
2020-07-28 20:30:11.687 +06:00 [Information] Application Starting up
2020-07-28 20:30:28.467 +06:00 [Information] Application Starting up
2020-07-28 20:33:11.386 +06:00 [Information] Application Starting up
2020-07-28 20:51:12.178 +06:00 [Information] Application Starting up
2020-07-28 20:54:14.103 +06:00 [Information] Application Starting up
2020-07-28 20:56:46.936 +06:00 [Information] Application Starting up
2020-07-28 20:58:20.675 +06:00 [Information] Application Starting up
2020-07-28 21:01:17.083 +06:00 [Information] Application Starting up
2020-07-28 21:09:47.031 +06:00 [Information] Application Starting up
2020-07-28 21:12:17.979 +06:00 [Information] Application Starting up
2020-07-28 21:21:59.347 +06:00 [Information] Application Starting up
2020-07-28 21:23:01.945 +06:00 [Information] Application Starting up
2020-07-28 21:25:46.491 +06:00 [Information] Application Starting up
2020-07-28 21:40:11.209 +06:00 [Information] Application Starting up
2020-07-28 21:42:21.951 +06:00 [Information] Application Starting up
2020-07-28 21:44:26.323 +06:00 [Information] Application Starting up
2020-07-28 21:50:42.959 +06:00 [Information] Application Starting up
2020-07-28 21:51:57.563 +06:00 [Information] Application Starting up
2020-07-28 21:58:47.054 +06:00 [Information] Application Starting up
2020-07-28 21:59:36.909 +06:00 [Information] Application Starting up
2020-07-28 22:00:48.118 +06:00 [Information] Application Starting up
2020-07-28 22:02:02.031 +06:00 [Information] Application Starting up
2020-07-28 22:06:49.270 +06:00 [Information] Application Starting up
2020-07-28 22:09:56.975 +06:00 [Information] Application Starting up
2020-07-28 22:16:21.154 +06:00 [Information] Application Starting up
2020-07-28 22:17:58.904 +06:00 [Information] Application Starting up
2020-07-28 22:23:16.315 +06:00 [Information] Application Starting up
2020-07-28 22:23:59.881 +06:00 [Information] Application Starting up
2020-07-28 22:25:07.447 +06:00 [Information] Application Starting up
2020-07-28 22:25:31.541 +06:00 [Information] Application Starting up
2020-07-28 22:25:47.966 +06:00 [Information] Application Starting up
2020-07-28 22:26:40.008 +06:00 [Information] Application Starting up
2020-07-28 22:27:36.858 +06:00 [Information] Application Starting up
2020-07-28 22:28:23.753 +06:00 [Information] Application Starting up
2020-07-28 22:29:09.969 +06:00 [Information] Application Starting up
2020-07-28 22:30:53.992 +06:00 [Information] Application Starting up
2020-07-28 22:31:29.826 +06:00 [Information] Application Starting up
2020-07-28 22:31:58.881 +06:00 [Information] Application Starting up
2020-07-28 22:33:04.529 +06:00 [Information] Application Starting up
2020-07-28 22:34:57.982 +06:00 [Information] Application Starting up
2020-07-28 22:37:03.694 +06:00 [Information] Application Starting up
2020-07-28 22:47:03.873 +06:00 [Information] Application Starting up
2020-07-28 22:48:00.436 +06:00 [Error] An unhandled exception has occurred while executing the request.
HealthLab.Framework.DuplicationException: Image already exists
   at HealthLab.Framework.SettingLab.SettingService.CreateSetting(Setting d) in E:\My Projects\HealthLab.Web\HealthLab.Framework\SettingLab\SettingService.cs:line 19
   at HealthLab.Web.Areas.Admin.Models.SettingModel.CreateSettingModel.Create() in E:\My Projects\HealthLab.Web\HealthLab.Web\Areas\Admin\Models\Setting\CreateSettingModel.cs:line 70
   at HealthLab.Web.Areas.Admin.Controllers.SettingController.AddSetting(CreateSettingModel model) in E:\My Projects\HealthLab.Web\HealthLab.Web\Areas\Admin\Controllers\SettingController.cs:line 66
   at lambda_method(Closure , Object , Object[] )
   at Microsoft.Extensions.Internal.ObjectMethodExecutor.Execute(Object target, Object[] parameters)
   at Microsoft.AspNetCore.Mvc.Infrastructure.ActionMethodExecutor.SyncActionResultExecutor.Execute(IActionResultTypeMapper mapper, ObjectMethodExecutor executor, Object controller, Object[] arguments)
   at Microsoft.AspNetCore.Mvc.Infrastructure.ControllerActionInvoker.InvokeActionMethodAsync()
   at Microsoft.AspNetCore.Mvc.Infrastructure.ControllerActionInvoker.Next(State& next, Scope& scope, Object& state, Boolean& isCompleted)
   at Microsoft.AspNetCore.Mvc.Infrastructure.ControllerActionInvoker.InvokeNextActionFilterAsync()
--- End of stack trace from previous location where exception was thrown ---
   at Microsoft.AspNetCore.Mvc.Infrastructure.ControllerActionInvoker.Rethrow(ActionExecutedContextSealed context)
   at Microsoft.AspNetCore.Mvc.Infrastructure.ControllerActionInvoker.Next(State& next, Scope& scope, Object& state, Boolean& isCompleted)
   at Microsoft.AspNetCore.Mvc.Infrastructure.ControllerActionInvoker.InvokeInnerFilterAsync()
--- End of stack trace from previous location where exception was thrown ---
   at Microsoft.AspNetCore.Mvc.Infrastructure.ResourceInvoker.<InvokeNextResourceFilter>g__Awaited|24_0(ResourceInvoker invoker, Task lastTask, State next, Scope scope, Object state, Boolean isCompleted)
   at Microsoft.AspNetCore.Mvc.Infrastructure.ResourceInvoker.Rethrow(ResourceExecutedContextSealed context)
   at Microsoft.AspNetCore.Mvc.Infrastructure.ResourceInvoker.Next(State& next, Scope& scope, Object& state, Boolean& isCompleted)
   at Microsoft.AspNetCore.Mvc.Infrastructure.ResourceInvoker.<InvokeFilterPipelineAsync>g__Awaited|19_0(ResourceInvoker invoker, Task lastTask, State next, Scope scope, Object state, Boolean isCompleted)
   at Microsoft.AspNetCore.Mvc.Infrastructure.ResourceInvoker.<InvokeAsync>g__Awaited|17_0(ResourceInvoker invoker, Task task, IDisposable scope)
   at Microsoft.AspNetCore.Routing.EndpointMiddleware.<Invoke>g__AwaitRequestTask|6_0(Endpoint endpoint, Task requestTask, ILogger logger)
   at Microsoft.AspNetCore.Session.SessionMiddleware.Invoke(HttpContext context)
   at Microsoft.AspNetCore.Session.SessionMiddleware.Invoke(HttpContext context)
   at Microsoft.AspNetCore.Authorization.AuthorizationMiddleware.Invoke(HttpContext context)
   at Microsoft.AspNetCore.Authentication.AuthenticationMiddleware.Invoke(HttpContext context)
   at Microsoft.AspNetCore.Diagnostics.EntityFrameworkCore.MigrationsEndPointMiddleware.Invoke(HttpContext context)
   at Microsoft.AspNetCore.Diagnostics.EntityFrameworkCore.DatabaseErrorPageMiddleware.Invoke(HttpContext httpContext)
   at Microsoft.AspNetCore.Diagnostics.EntityFrameworkCore.DatabaseErrorPageMiddleware.Invoke(HttpContext httpContext)
   at Microsoft.AspNetCore.Diagnostics.DeveloperExceptionPageMiddleware.Invoke(HttpContext context)
2020-07-28 22:51:06.827 +06:00 [Information] Application Starting up
